<?xml version="1.0" encoding="UTF-8"?>
<!-- Generated by org.testng.reporters.JUnitReportReporter -->
<testsuite hostname="LAPTOP-K5742S43" failures="0" tests="2" name="FirstTestCasesOpenWebsite" time="28.370" errors="0" timestamp="6 Jun 2020 09:01:50 GMT">
  <testcase classname="FirstTestCasesOpenWebsite" name="signUp" time="16.738"/>
  <testcase classname="FirstTestCasesOpenWebsite" name="openWebsite" time="11.632"/>
</testsuite> <!-- FirstTestCasesOpenWebsite -->
